<?xml version="1.0" encoding="UTF-8"?>
<!-- Generated by org.testng.reporters.JUnitReportReporter -->
<testsuite hostname="NODLTP52081802" failures="0" tests="2" name="LipakshiAcademy.Mavenjava.RestAPITest" time="0.008" errors="0" timestamp="2021-06-16T15:49:13 IST" skipped="0">
  <testcase classname="LipakshiAcademy.Mavenjava.RestAPITest" name="postJira" time="0.001"/>
  <system-out/>
  <testcase classname="LipakshiAcademy.Mavenjava.RestAPITest" name="afterJira" time="0.007"/>
  <system-out/>
</testsuite> <!-- LipakshiAcademy.Mavenjava.RestAPITest -->
