<?xml version="1.0" encoding="UTF-8"?>
<!-- Generated by org.testng.reporters.JUnitReportReporter -->
<testsuite skipped="0" hostname="NODLTP52081802" name="LipakshiAcademy.Mavenjava.AppTest" tests="1" failures="0" timestamp="2021-06-15T20:38:45 IST" time="0.001" errors="0">
  <testcase name="shouldAnswerWithTrue" time="0.001" classname="LipakshiAcademy.Mavenjava.AppTest"/>
  <system-out/>
</testsuite> <!-- LipakshiAcademy.Mavenjava.AppTest -->
