<?xml version="1.0" encoding="UTF-8"?>
<!-- Generated by org.testng.reporters.JUnitReportReporter -->
<testsuite skipped="0" hostname="NODLTP52081802" name="LipakshiAcademy.Mavenjava.Appium_Test" tests="1" failures="0" timestamp="2021-06-15T20:38:45 IST" time="0.013" errors="0">
  <testcase name="Twitter" time="0.013" classname="LipakshiAcademy.Mavenjava.Appium_Test"/>
  <system-out/>
</testsuite> <!-- LipakshiAcademy.Mavenjava.Appium_Test -->
