<?xml version="1.0" encoding="UTF-8"?>
<!-- Generated by org.testng.reporters.JUnitReportReporter -->
<testsuite skipped="0" hostname="NODLTP52081802" name="LipakshiAcademy.Mavenjava.RestAPITest" tests="2" failures="0" timestamp="2021-06-16T15:50:31 IST" time="0.004" errors="0">
  <testcase name="postJira" time="0.000" classname="LipakshiAcademy.Mavenjava.RestAPITest"/>
  <system-out/>
  <testcase name="afterJira" time="0.004" classname="LipakshiAcademy.Mavenjava.RestAPITest"/>
  <system-out/>
</testsuite> <!-- LipakshiAcademy.Mavenjava.RestAPITest -->
